 
============================================================================================== 
 
V3.6.1    
 
Compiling: WRF_EM_CORE  
WRFIO_NCD_LARGE_FILE_SUPPORT=1
 
Linux sol1 2.6.32-358.el6.x86_64 #1 SMP Tue Jan 29 11:47:41 EST 2013 x86_64 x86_64 x86_64 GNU/Linux
 
Intel(R) Fortran Intel(R) 64 Compiler XE for applications running on Intel(R) 64, Version 13.1.0.146 Build 20130121
Copyright (C) 1985-2013 Intel Corporation.  All rights reserved.

 
============================================================================================== 
 
setting parallel make -j 2
make -i -r MODULE_DIRS="-I../dyn_em -I../dyn_nmm   -I/work/MOD3DEV/ratlas/twoway/WRFV361-IND-COMB/external/esmf_time_f90  -I/work/MOD3DEV/ratlas/twoway/WRFV361-IND-COMB/main -I/work/MOD3DEV/ratlas/twoway/WRFV361-IND-COMB/external/io_netcdf -I/work/MOD3DEV/ratlas/twoway/WRFV361-IND-COMB/external/io_int -I/work/MOD3DEV/ratlas/twoway/WRFV361-IND-COMB/frame -I/work/MOD3DEV/ratlas/twoway/WRFV361-IND-COMB/share -I/work/MOD3DEV/ratlas/twoway/WRFV361-IND-COMB/phys -I/work/MOD3DEV/ratlas/twoway/WRFV361-IND-COMB/chem -I/work/MOD3DEV/ratlas/twoway/WRFV361-IND-COMB/inc -I/usr/local/apps/netcdf-4.3.0/intel-13.1/include " ext
make[1]: Entering directory `/work/MOD3DEV/ratlas/twoway/WRFV361-IND-COMB'
--------------------------------------
( cd frame ; make -i -r externals )
make[2]: Entering directory `/work/MOD3DEV/ratlas/twoway/WRFV361-IND-COMB/frame'
( cd /work/MOD3DEV/ratlas/twoway/WRFV361-IND-COMB/external/esmf_time_f90 ; \
          make -j 2 FC="ifort -i4  -traceback -ip -fp-model precise -w -ftz -align all -fno-alias -FR -convert big_endian  " RANLIB="ranlib" \
          CPP="/lib/cpp -P -I/work/MOD3DEV/ratlas/twoway/WRFV361-IND-COMB/inc -I. -DEM_CORE=1 -DNMM_CORE=0 -DNMM_MAX_DIM=2600 -DCOAMPS_CORE=0 -DDA_CORE=0 -DEXP_CORE=0 -DIWORDSIZE=4 -DDWORDSIZE=8 -DRWORDSIZE=4 -DLWORDSIZE=4 -DNONSTANDARD_SYSTEM_FUNC -DWRF_USE_CLM  -DDM_PARALLEL -DNETCDF -DUSE_ALLOCATABLES -DGRIB1 -DINTIO -DLIMIT_ARGS -DCONFIG_BUF_LEN=65536 -DMAX_DOMAINS_F=21 -DMAX_HISTORY=25 -DNMM_NEST=0 -traditional" AR="ar" ARFLAGS="ru" )
make[3]: Entering directory `/work/MOD3DEV/ratlas/twoway/WRFV361-IND-COMB/external/esmf_time_f90'
make[3]: Nothing to be done for `default'.
make[3]: Leaving directory `/work/MOD3DEV/ratlas/twoway/WRFV361-IND-COMB/external/esmf_time_f90'
( cd /work/MOD3DEV/ratlas/twoway/WRFV361-IND-COMB/external/io_netcdf ; \
          make -j 2 NETCDFPATH="/usr/local/apps/netcdf-4.3.0/intel-13.1" RANLIB="ranlib" CPP="/lib/cpp -P" \
          CC="icc" CFLAGS="-w -O3 -ip  -DDM_PARALLEL -DMAX_HISTORY=25 -DNMM_CORE=0" \
          FC="ifort -i4  -O3 -traceback -ip -fp-model precise -w -ftz -align all -fno-alias -FR -convert big_endian  " TRADFLAG="-traditional" AR="ar" ARFLAGS="ru" )
make[3]: Entering directory `/work/MOD3DEV/ratlas/twoway/WRFV361-IND-COMB/external/io_netcdf'
make[3]: Nothing to be done for `all'.
make[3]: Leaving directory `/work/MOD3DEV/ratlas/twoway/WRFV361-IND-COMB/external/io_netcdf'
( cd /work/MOD3DEV/ratlas/twoway/WRFV361-IND-COMB/external/ioapi_share ; \
          make -i -r NATIVE_RWORDSIZE="4" RWORDSIZE="4" AR="ar" ARFLAGS="ru" )
make[3]: Entering directory `/work/MOD3DEV/ratlas/twoway/WRFV361-IND-COMB/external/ioapi_share'
make[3]: Nothing to be done for `all'.
make[3]: Leaving directory `/work/MOD3DEV/ratlas/twoway/WRFV361-IND-COMB/external/ioapi_share'
( cd /work/MOD3DEV/ratlas/twoway/WRFV361-IND-COMB/external/io_grib_share ; \
          make -j 2 CC="icc" CFLAGS="-w -O3 -ip  -DDM_PARALLEL -DMAX_HISTORY=25 -DNMM_CORE=0" RM="rm -f" RANLIB="ranlib" CPP="/lib/cpp -P" \
          FC="ifort -i4 -I.  -traceback -ip -fp-model precise -w -ftz -align all -fno-alias -FR -convert big_endian   " TRADFLAG="-traditional" AR="ar" ARFLAGS="ru" archive) 
make[3]: Entering directory `/work/MOD3DEV/ratlas/twoway/WRFV361-IND-COMB/external/io_grib_share'
make[4]: Entering directory `/work/MOD3DEV/ratlas/twoway/WRFV361-IND-COMB/external/io_grib_share'
ar ru ./libio_grib_share.a io_grib_share.o get_region_center.o gridnav.o open_file.o
ranlib ./libio_grib_share.a
make[4]: Leaving directory `/work/MOD3DEV/ratlas/twoway/WRFV361-IND-COMB/external/io_grib_share'
make[3]: Leaving directory `/work/MOD3DEV/ratlas/twoway/WRFV361-IND-COMB/external/io_grib_share'
( cd /work/MOD3DEV/ratlas/twoway/WRFV361-IND-COMB/external/io_grib1 ; \
          make -j 2 CC="icc" CFLAGS="-w -O3 -ip  -DDM_PARALLEL -DMAX_HISTORY=25 -DNMM_CORE=0" RM="rm -f" RANLIB="ranlib" CPP="/lib/cpp -P" \
          FC="ifort -i4 -I.  -traceback -ip -fp-model precise -w -ftz -align all -fno-alias -FR -convert big_endian   " TRADFLAG="-traditional" AR="ar" ARFLAGS="ru" archive)
make[3]: Entering directory `/work/MOD3DEV/ratlas/twoway/WRFV361-IND-COMB/external/io_grib1'
        Doing make archive on library subdirectory MEL_grib1
make[4]: Entering directory `/work/MOD3DEV/ratlas/twoway/WRFV361-IND-COMB/external/io_grib1/MEL_grib1'
make[5]: Entering directory `/work/MOD3DEV/ratlas/twoway/WRFV361-IND-COMB/external/io_grib1/MEL_grib1'
ar ru ../libio_grib1.a FTP_getfile.o apply_bitmap.o display_gribhdr.o gbyte.o grib_dec.o grib_enc.o grib_seek.o gribgetbds.o gribgetbms.o gribgetgds.o gribgetpds.o gribhdr2file.o gribputbds.o gribputgds.o gribputpds.o hdr_print.o init_dec_struct.o init_enc_struct.o init_gribhdr.o init_struct.o ld_dec_lookup.o ld_enc_input.o ld_enc_lookup.o ld_grib_origctrs.o make_default_grbfn.o make_grib_log.o map_lvl.o map_parm.o pack_spatial.o prt_inp_struct.o upd_child_errmsg.o prt_badmsg.o swap.o grib_uthin.o set_bytes.o
ranlib ../libio_grib1.a
make[5]: Leaving directory `/work/MOD3DEV/ratlas/twoway/WRFV361-IND-COMB/external/io_grib1/MEL_grib1'
make[4]: Leaving directory `/work/MOD3DEV/ratlas/twoway/WRFV361-IND-COMB/external/io_grib1/MEL_grib1'
        Doing make archive on library subdirectory grib1_util
make[4]: Entering directory `/work/MOD3DEV/ratlas/twoway/WRFV361-IND-COMB/external/io_grib1/grib1_util'
make[5]: Entering directory `/work/MOD3DEV/ratlas/twoway/WRFV361-IND-COMB/external/io_grib1/grib1_util'
ar ru ../libio_grib1.a alloc_2d.o read_grib.o write_grib.o
ranlib ../libio_grib1.a
make[5]: Leaving directory `/work/MOD3DEV/ratlas/twoway/WRFV361-IND-COMB/external/io_grib1/grib1_util'
make[4]: Leaving directory `/work/MOD3DEV/ratlas/twoway/WRFV361-IND-COMB/external/io_grib1/grib1_util'
        Doing make archive on library subdirectory WGRIB
make[4]: Entering directory `/work/MOD3DEV/ratlas/twoway/WRFV361-IND-COMB/external/io_grib1/WGRIB'
make[4]: Nothing to be done for `archive'.
make[4]: Leaving directory `/work/MOD3DEV/ratlas/twoway/WRFV361-IND-COMB/external/io_grib1/WGRIB'
make[4]: Entering directory `/work/MOD3DEV/ratlas/twoway/WRFV361-IND-COMB/external/io_grib1'
ar ru ./libio_grib1.a grib1_routines.o gribmap.o io_grib1.o trim.o
ranlib ./libio_grib1.a
make[4]: Leaving directory `/work/MOD3DEV/ratlas/twoway/WRFV361-IND-COMB/external/io_grib1'
make[3]: Leaving directory `/work/MOD3DEV/ratlas/twoway/WRFV361-IND-COMB/external/io_grib1'
( cd /work/MOD3DEV/ratlas/twoway/WRFV361-IND-COMB/external/io_int ; \
          make -j 2 CC="mpicc -cc=icc -DMPI2_SUPPORT -DFSEEKO64_OK " RM="rm -f" RANLIB="ranlib" CPP="/lib/cpp -P" \
          FC="mpif90 -f90=ifort -i4  -traceback -ip -fp-model precise -w -ftz -align all -fno-alias -FR -convert big_endian   " FGREP="fgrep -iq" \
          TRADFLAG="-traditional" AR="ar" ARFLAGS="ru" ARCHFLAGS="-DEM_CORE=1 -DNMM_CORE=0 -DNMM_MAX_DIM=2600 -DCOAMPS_CORE=0 -DDA_CORE=0 -DEXP_CORE=0 -DIWORDSIZE=4 -DDWORDSIZE=8 -DRWORDSIZE=4 -DLWORDSIZE=4 -DNONSTANDARD_SYSTEM_FUNC -DWRF_USE_CLM  -DDM_PARALLEL -DNETCDF -DUSE_ALLOCATABLES -DGRIB1 -DINTIO -DLIMIT_ARGS -DCONFIG_BUF_LEN=65536 -DMAX_DOMAINS_F=21 -DMAX_HISTORY=25 -DNMM_NEST=0" all )
make[3]: Entering directory `/work/MOD3DEV/ratlas/twoway/WRFV361-IND-COMB/external/io_int'
make[3]: Nothing to be done for `all'.
make[3]: Leaving directory `/work/MOD3DEV/ratlas/twoway/WRFV361-IND-COMB/external/io_int'
( cd /work/MOD3DEV/ratlas/twoway/WRFV361-IND-COMB/external/fftpack/fftpack5 ; \
          make -j 2 FC="ifort" FFLAGS="-i4  -traceback -ip -fp-model precise -w -ftz -align all -fno-alias -FR -convert big_endian  " RANLIB="ranlib" AR="ar" \
          ARFLAGS="ru" CPP="/lib/cpp -P" CPPFLAGS="-DEM_CORE=1 -DNMM_CORE=0 -DNMM_MAX_DIM=2600 -DCOAMPS_CORE=0 -DDA_CORE=0 -DEXP_CORE=0 -DIWORDSIZE=4 -DDWORDSIZE=8 -DRWORDSIZE=4 -DLWORDSIZE=4 -DNONSTANDARD_SYSTEM_FUNC -DWRF_USE_CLM  -DDM_PARALLEL -DNETCDF -DUSE_ALLOCATABLES -DGRIB1 -DINTIO -DLIMIT_ARGS -DCONFIG_BUF_LEN=65536 -DMAX_DOMAINS_F=21 -DMAX_HISTORY=25 -DNMM_NEST=0  -I. -traditional " RM="rm -f" )
make[3]: Entering directory `/work/MOD3DEV/ratlas/twoway/WRFV361-IND-COMB/external/fftpack/fftpack5'
ar ru libfftpack.a c1f2kb.o  cfft1b.o  cmf3kf.o  cosqb1.o  costmi.o   dcosq1f.o  dfftb1.o   mradb2.o  mrfti1.o  r1fgkf.o     rfft2i.o  sinqmi.o  z1f2kf.o  zfft1f.o  zmf4kb.o c1f2kf.o  cfft1f.o  cmf4kb.o  cosqf1.o  d1f2kb.o   dcosq1i.o  dfftf1.o   mradb3.o  msntb1.o  r4_factor.o  rfftb1.o  sint1b.o  z1f3kb.o  zfft1i.o  zmf4kf.o c1f3kb.o  cfft1i.o  cmf4kf.o  cosqmb.o  d1f2kf.o   dcosqb1.o  dffti1.o   mradb4.o  msntf1.o  r4_mcfti1.o  rfftf1.o  sint1f.o  z1f3kf.o  zfft2b.o  zmf5kb.o c1f3kf.o  cfft2b.o  cmf5kb.o  cosqmf.o  d1f3kb.o   dcosqf1.o  dsint1b.o  mradb5.o  r1f2kb.o  r4_tables.o  rffti1.o  sint1i.o  z1f4kb.o  zfft2f.o  zmf5kf.o c1f4kb.o  cfft2f.o  cmf5kf.o  cosqmi.o  d1f3kf.o   dcost1b.o  dsint1f.o  mradbg.o  r1f2kf.o  r8_factor.o  rfftmb.o  sintb1.o  z1f4kf.o  zfft2i.o  zmfgkb.o c1f4kf.o  cfft2i.o  cmfgkb.o  cost1b.o  d1f4kb.o   dcost1f.o  dsint1i.o  mradf2.o  r1f3kb.o  r8_mcfti1.o  rfftmf.o  sintf1.o  z1f5kb.o  zfftmb.o  zmfgkf.o c1f5kb.o  cfftmb.o  cmfgkf.o  cost1f.o  d1f4kf.o   dcost1i.o  dsintb1.o  mradf3.o  r1f3kf.o  r8_tables.o  rfftmi.o  sintmb.o  z1f5kf.o  zfftmf.o  zmfm1b.o c1f5kf.o  cfftmf.o  cmfm1b.o  cost1i.o  d1f5kb.o   dcostb1.o  dsintf1.o  mradf4.o  r1f4kb.o  rfft1b.o     sinq1b.o  sintmf.o  z1fgkb.o  zfftmi.o  zmfm1f.o c1fgkb.o  cfftmi.o  cmfm1f.o  costb1.o  d1f5kf.o   dcostf1.o  mcsqb1.o   mradf5.o  r1f4kf.o  rfft1f.o     sinq1f.o  sintmi.o  z1fgkf.o  zmf2kb.o c1fgkf.o  cmf2kb.o  cosq1b.o  costf1.o  d1fgkb.o   dfft1b.o   mcsqf1.o   mradfg.o  r1f5kb.o  rfft1i.o     sinq1i.o  xercon.o  z1fm1b.o  zmf2kf.o c1fm1b.o  cmf2kf.o  cosq1f.o  costmb.o  d1fgkf.o   dfft1f.o   mcstb1.o   mrftb1.o  r1f5kf.o  rfft2b.o     sinqmb.o  xerfft.o  z1fm1f.o  zmf3kb.o c1fm1f.o  cmf3kb.o  cosq1i.o  costmf.o  dcosq1b.o  dfft1i.o   mcstf1.o   mrftf1.o  r1fgkb.o  rfft2f.o     sinqmf.o  z1f2kb.o  zfft1b.o  zmf3kf.o 
ranlib libfftpack.a
make[3]: Leaving directory `/work/MOD3DEV/ratlas/twoway/WRFV361-IND-COMB/external/fftpack/fftpack5'
( if [ ! -e /work/MOD3DEV/ratlas/twoway/WRFV361-IND-COMB/tools/gen_comms.c ] ; then \
          /bin/cp /work/MOD3DEV/ratlas/twoway/WRFV361-IND-COMB/tools/gen_comms_warning /work/MOD3DEV/ratlas/twoway/WRFV361-IND-COMB/tools/gen_comms.c ; \
          cat /work/MOD3DEV/ratlas/twoway/WRFV361-IND-COMB/external/RSL_LITE/gen_comms.c >> /work/MOD3DEV/ratlas/twoway/WRFV361-IND-COMB/tools/gen_comms.c ; fi )
( if [ ! -e module_dm.F ] ; then /bin/cp module_dm_warning module_dm.F ; \
          cat /work/MOD3DEV/ratlas/twoway/WRFV361-IND-COMB/external/RSL_LITE/module_dm.F >> module_dm.F ; fi )
make[2]: Leaving directory `/work/MOD3DEV/ratlas/twoway/WRFV361-IND-COMB/frame'
make[1]: Leaving directory `/work/MOD3DEV/ratlas/twoway/WRFV361-IND-COMB'
make -i -r MODULE_DIRS="-I../dyn_em -I../dyn_nmm   -I/work/MOD3DEV/ratlas/twoway/WRFV361-IND-COMB/external/esmf_time_f90  -I/work/MOD3DEV/ratlas/twoway/WRFV361-IND-COMB/main -I/work/MOD3DEV/ratlas/twoway/WRFV361-IND-COMB/external/io_netcdf -I/work/MOD3DEV/ratlas/twoway/WRFV361-IND-COMB/external/io_int -I/work/MOD3DEV/ratlas/twoway/WRFV361-IND-COMB/frame -I/work/MOD3DEV/ratlas/twoway/WRFV361-IND-COMB/share -I/work/MOD3DEV/ratlas/twoway/WRFV361-IND-COMB/phys -I/work/MOD3DEV/ratlas/twoway/WRFV361-IND-COMB/chem -I/work/MOD3DEV/ratlas/twoway/WRFV361-IND-COMB/inc -I/usr/local/apps/netcdf-4.3.0/intel-13.1/include " toolsdir
make[1]: Entering directory `/work/MOD3DEV/ratlas/twoway/WRFV361-IND-COMB'
--------------------------------------
( cd tools ; make -i -r CC_TOOLS_CFLAGS="-DNMM_CORE=0" CC_TOOLS="icc  -DIWORDSIZE=4 -DMAX_HISTORY=25" )
make[2]: Entering directory `/work/MOD3DEV/ratlas/twoway/WRFV361-IND-COMB/tools'
make[2]: `registry' is up to date.
make[2]: Leaving directory `/work/MOD3DEV/ratlas/twoway/WRFV361-IND-COMB/tools'
make[1]: Leaving directory `/work/MOD3DEV/ratlas/twoway/WRFV361-IND-COMB'
/bin/rm -f main/libwrflib.a main/libwrflib.lib
make -i -r MODULE_DIRS="-I../dyn_em -I../dyn_nmm   -I/work/MOD3DEV/ratlas/twoway/WRFV361-IND-COMB/external/esmf_time_f90  -I/work/MOD3DEV/ratlas/twoway/WRFV361-IND-COMB/main -I/work/MOD3DEV/ratlas/twoway/WRFV361-IND-COMB/external/io_netcdf -I/work/MOD3DEV/ratlas/twoway/WRFV361-IND-COMB/external/io_int -I/work/MOD3DEV/ratlas/twoway/WRFV361-IND-COMB/frame -I/work/MOD3DEV/ratlas/twoway/WRFV361-IND-COMB/share -I/work/MOD3DEV/ratlas/twoway/WRFV361-IND-COMB/phys -I/work/MOD3DEV/ratlas/twoway/WRFV361-IND-COMB/chem -I/work/MOD3DEV/ratlas/twoway/WRFV361-IND-COMB/inc -I/usr/local/apps/netcdf-4.3.0/intel-13.1/include " framework
make[1]: Entering directory `/work/MOD3DEV/ratlas/twoway/WRFV361-IND-COMB'
--------------------------------------
( cd frame ; make -i -r -j 2 framework; \
          cd ../external/io_netcdf ; \
          make -i -r NETCDFPATH="/usr/local/apps/netcdf-4.3.0/intel-13.1" FC="ifort -traceback -ip -fp-model precise -w -ftz -align all -fno-alias -FR -convert big_endian  " RANLIB="ranlib" \
               CPP="/lib/cpp -P" LDFLAGS=" -O3 -traceback -ip -fp-model precise -w -ftz -align all -fno-alias -FR -convert big_endian   -ip  " TRADFLAG="-traditional" ESMF_IO_LIB_EXT="-L/work/MOD3DEV/ratlas/twoway/WRFV361-IND-COMB/external/esmf_time_f90 -lesmf_time" \
	       LIB_LOCAL="" \
               ESMF_MOD_DEPENDENCE="/work/MOD3DEV/ratlas/twoway/WRFV361-IND-COMB/external/esmf_time_f90/module_utility.o" AR="INTERNAL_BUILD_ERROR_SHOULD_NOT_NEED_AR" diffwrf; \
          cd ../io_int ; \
          make -i -r SFC="ifort -traceback -ip -fp-model precise -w -ftz -align all -fno-alias -FR -convert big_endian  " FC="ifort -traceback -ip -fp-model precise -w -ftz -align all -fno-alias -FR -convert big_endian  " RANLIB="ranlib" CPP="/lib/cpp -P -DNONSTANDARD_SYSTEM_FUNC -DWRF_USE_CLM" DM_FC="mpif90 -f90=ifort -traceback -ip -fp-model precise -w -ftz -align all -fno-alias -FR -convert big_endian  "\
               TRADFLAG="-traditional" ESMF_IO_LIB_EXT="-L/work/MOD3DEV/ratlas/twoway/WRFV361-IND-COMB/external/esmf_time_f90 -lesmf_time" \
               ESMF_MOD_DEPENDENCE="/work/MOD3DEV/ratlas/twoway/WRFV361-IND-COMB/external/esmf_time_f90/module_utility.o" AR="INTERNAL_BUILD_ERROR_SHOULD_NOT_NEED_AR" diffwrf ; \
          cd ../../frame )
make[2]: Entering directory `/work/MOD3DEV/ratlas/twoway/WRFV361-IND-COMB/frame'
ar ru ../main/libwrflib.a module_driver_constants.o module_domain_type.o module_streams.o module_domain.o module_integrate.o module_timing.o module_configure.o module_tiles.o module_machine.o module_nesting.o module_wrf_error.o module_state_description.o module_sm.o module_io.o module_comm_dm.o module_comm_dm_0.o module_comm_dm_1.o module_comm_dm_2.o module_comm_dm_3.o module_comm_dm_4.o module_comm_nesting_dm.o module_dm.o module_quilt_outbuf_ops.o module_io_quilt.o module_intermediate_nmm.o module_cpl.o module_cpl_oasis3.o wrf_num_bytes_between.o wrf_shutdown.o wrf_debug.o libmassv.o collect_on_comm.o hires_timer.o clog.o nl_get_0_routines.o nl_get_1_routines.o nl_get_2_routines.o nl_get_3_routines.o nl_get_4_routines.o nl_get_5_routines.o nl_get_6_routines.o nl_get_7_routines.o nl_set_0_routines.o nl_set_1_routines.o nl_set_2_routines.o nl_set_3_routines.o nl_set_4_routines.o nl_set_5_routines.o nl_set_6_routines.o nl_set_7_routines.o  module_alloc_space_0.o module_alloc_space_1.o module_alloc_space_2.o module_alloc_space_3.o module_alloc_space_4.o module_alloc_space_5.o module_alloc_space_6.o module_alloc_space_7.o module_alloc_space_8.o module_alloc_space_9.o
ar: creating ../main/libwrflib.a
ranlib ../main/libwrflib.a
make[2]: Leaving directory `/work/MOD3DEV/ratlas/twoway/WRFV361-IND-COMB/frame'
make[2]: Entering directory `/work/MOD3DEV/ratlas/twoway/WRFV361-IND-COMB/external/io_netcdf'
make[2]: `diffwrf' is up to date.
make[2]: Leaving directory `/work/MOD3DEV/ratlas/twoway/WRFV361-IND-COMB/external/io_netcdf'
make[2]: Entering directory `/work/MOD3DEV/ratlas/twoway/WRFV361-IND-COMB/external/io_int'
make[2]: `diffwrf' is up to date.
make[2]: Leaving directory `/work/MOD3DEV/ratlas/twoway/WRFV361-IND-COMB/external/io_int'
make[1]: Leaving directory `/work/MOD3DEV/ratlas/twoway/WRFV361-IND-COMB'
make -i -r MODULE_DIRS="-I../dyn_em -I../dyn_nmm   -I/work/MOD3DEV/ratlas/twoway/WRFV361-IND-COMB/external/esmf_time_f90  -I/work/MOD3DEV/ratlas/twoway/WRFV361-IND-COMB/main -I/work/MOD3DEV/ratlas/twoway/WRFV361-IND-COMB/external/io_netcdf -I/work/MOD3DEV/ratlas/twoway/WRFV361-IND-COMB/external/io_int -I/work/MOD3DEV/ratlas/twoway/WRFV361-IND-COMB/frame -I/work/MOD3DEV/ratlas/twoway/WRFV361-IND-COMB/share -I/work/MOD3DEV/ratlas/twoway/WRFV361-IND-COMB/phys -I/work/MOD3DEV/ratlas/twoway/WRFV361-IND-COMB/chem -I/work/MOD3DEV/ratlas/twoway/WRFV361-IND-COMB/inc -I/usr/local/apps/netcdf-4.3.0/intel-13.1/include " shared
make[1]: Entering directory `/work/MOD3DEV/ratlas/twoway/WRFV361-IND-COMB'
--------------------------------------
if [ "`echo -j 2 | sed -e 's/-j//g' -e 's/ \+//g'`" -gt "6" ] ; then \
	  ( cd share ; make -i -r -j 6 ) ;  \
	else \
	  ( cd share ; make -i -r -j 2 ) ;  \
	fi
make[2]: Entering directory `/work/MOD3DEV/ratlas/twoway/WRFV361-IND-COMB/share'
if [ 0 -eq 1 ] ; then \
                  make -i -r nmm_contrib                                      ; \
                  ar ru ../main/libwrflib.a module_model_constants.o module_bc_time_utilities.o module_get_file_names.o module_compute_geop.o module_check_a_mundo.o module_random.o module_llxy.o module_interp_nmm.o module_interp_store.o module_MPP.o  module_date_time.o module_bc.o module_io_wrf.o module_soil_pre.o  module_io_domain.o               module_optional_input.o          solve_interface.o mediation_interp_domain.o mediation_force_domain.o mediation_feedback_domain.o start_domain.o init_modules.o set_timekeeping.o interp_fcn.o sint.o wrf_ext_write_field.o wrf_ext_read_field.o  wrf_tsin.o landread.o track_driver.o track_input.o bobrand.o wrf_timeseries.o track_driver.o wrf_fddaobs_in.o mediation_nest_move.o setfeenv.o input_wrf.o output_wrf.o wrf_bdyout.o wrf_bdyin.o dfi.o mediation_integrate.o mediation_wrfmain.o    ; \
                  else                                                         \
                  ar ru ../main/libwrflib.a module_model_constants.o module_bc_time_utilities.o module_get_file_names.o module_compute_geop.o module_check_a_mundo.o module_random.o module_llxy.o module_interp_nmm.o module_interp_store.o module_MPP.o  module_date_time.o module_bc.o module_io_wrf.o module_soil_pre.o  module_io_domain.o               module_optional_input.o          solve_interface.o mediation_interp_domain.o mediation_force_domain.o mediation_feedback_domain.o start_domain.o init_modules.o set_timekeeping.o interp_fcn.o sint.o wrf_ext_write_field.o wrf_ext_read_field.o  wrf_tsin.o landread.o track_driver.o track_input.o bobrand.o wrf_timeseries.o track_driver.o wrf_fddaobs_in.o mediation_nest_move.o setfeenv.o input_wrf.o output_wrf.o wrf_bdyout.o wrf_bdyin.o dfi.o mediation_integrate.o mediation_wrfmain.o              ; \
                fi
make[2]: Leaving directory `/work/MOD3DEV/ratlas/twoway/WRFV361-IND-COMB/share'
make[1]: Leaving directory `/work/MOD3DEV/ratlas/twoway/WRFV361-IND-COMB'
make -i -r MODULE_DIRS="-I../dyn_em -I../dyn_nmm   -I/work/MOD3DEV/ratlas/twoway/WRFV361-IND-COMB/external/esmf_time_f90  -I/work/MOD3DEV/ratlas/twoway/WRFV361-IND-COMB/main -I/work/MOD3DEV/ratlas/twoway/WRFV361-IND-COMB/external/io_netcdf -I/work/MOD3DEV/ratlas/twoway/WRFV361-IND-COMB/external/io_int -I/work/MOD3DEV/ratlas/twoway/WRFV361-IND-COMB/frame -I/work/MOD3DEV/ratlas/twoway/WRFV361-IND-COMB/share -I/work/MOD3DEV/ratlas/twoway/WRFV361-IND-COMB/phys -I/work/MOD3DEV/ratlas/twoway/WRFV361-IND-COMB/chem -I/work/MOD3DEV/ratlas/twoway/WRFV361-IND-COMB/inc -I/usr/local/apps/netcdf-4.3.0/intel-13.1/include " physics
make[1]: Entering directory `/work/MOD3DEV/ratlas/twoway/WRFV361-IND-COMB'
--------------------------------------
( cd phys ; make -i -r )
make[2]: Entering directory `/work/MOD3DEV/ratlas/twoway/WRFV361-IND-COMB/phys'
if [ 0 -eq 1 ] ; then \
                  make -i -r -j 2 nmm_contrib  ; \
                  ar ru ../main/libwrflib.a module_twoway_rrtmg_aero_optical_util.o module_cam_shr_kind_mod.o module_cam_support.o module_cam_shr_const_mod.o module_cam_physconst.o module_cam_cldwat.o module_cam_wv_saturation.o module_cam_esinti.o module_cam_gffgch.o module_cam_error_function.o module_cam_constituents.o module_cam_trb_mtn_stress.o module_cam_molec_diff.o module_cam_upper_bc.o module_cam_bl_diffusion_solver.o module_cam_bl_eddy_diff.o module_cam_mp_microp_aero.o module_cam_mp_cldwat2m_micro.o module_cam_mp_ndrop.o module_cam_mp_modal_aero_initialize_data_phys.o module_cam_mp_radconstants.o module_cam_mp_conv_water.o module_cam_mp_qneg3.o module_data_cam_mam_aero.o module_data_cam_mam_asect.o module_cam_infnan.o module_bl_ysu.o module_bl_mrf.o module_bl_gfs.o module_bl_gfs2011.o module_bl_myjpbl.o module_bl_qnsepbl.o module_bl_qnsepbl09.o module_bl_acm.o module_bl_mynn.o module_bl_fogdes.o module_bl_gwdo.o module_bl_myjurb.o module_bl_boulac.o module_bl_camuwpbl_driver.o module_bl_mfshconvpbl.o module_shcu_camuwshcu_driver.o module_shcu_camuwshcu.o module_shcu_grims.o module_cu_camzm_driver.o module_cu_camzm.o module_bl_temf.o module_bl_gbmpbl.o module_cu_g3.o module_cu_kf.o module_cu_bmj.o module_cu_kfeta.o module_cu_tiedtke.o module_cu_gd.o module_cu_gf.o module_cu_nsas.o module_cu_sas.o module_cu_mesosas.o module_cu_osas.o module_mp_radar.o module_mp_kessler.o module_mp_lin.o module_mp_sbu_ylin.o module_mp_wsm3.o module_mp_wsm5.o module_mp_wsm6.o module_mp_etanew.o module_mp_etaold.o module_mp_HWRF.o module_mp_thompson.o module_mp_full_sbm.o module_mp_fast_sbm.o module_ltng_lpi.o module_mp_gsfcgce.o module_mp_morr_two_moment.o module_mp_milbrandt2mom.o module_mp_nssl_2mom.o module_mp_wdm5.o module_mp_wdm6.o module_mp_cammgmp_driver.o module_ra_sw.o module_ra_clWRF_support.o module_ra_gsfcsw.o module_ra_goddard.o module_ra_rrtm.o module_ra_rrtmg_lw.o module_ra_rrtmg_sw.o module_twoway_ra_rrtmg_sw.o module_ra_cam_support.o module_ra_cam.o module_ra_gfdleta.o module_ra_flg.o module_ra_HWRF.o module_ra_hs.o module_ra_aerosol.o module_sf_sfclay.o module_sf_sfclayrev.o module_sf_gfs.o module_sf_gfdl.o module_sf_slab.o module_sf_noahdrv.o module_sf_noahlsm.o module_sf_clm.o module_sf_ssib.o module_sf_noah_seaice.o module_sf_noah_seaice_drv.o module_sf_noahlsm_glacial_only.o module_sf_noahmp_groundwater.o module_sf_noahmpdrv.o module_sf_noahmplsm.o module_sf_noahmp_glacier.o module_sf_urban.o module_sf_bep.o module_sf_bep_bem.o module_sf_bem.o module_sf_pxlsm.o module_sf_pxlsm_data.o module_sf_ruclsm.o module_sf_sfcdiags.o module_sf_sfcdiags_ruclsm.o module_sf_sstskin.o module_sf_tmnupdate.o module_sf_ocean_driver.o module_sf_oml.o module_sf_3dpwp.o module_sf_myjsfc.o module_sf_qnsesfc.o module_sf_mynn.o module_sf_fogdes.o module_sf_pxsfclay.o module_sf_temfsfclay.o module_sf_idealscmsfclay.o module_sf_scmflux.o module_sf_scmskintemp.o module_physics_addtendc.o module_physics_init.o module_gfs_machine.o module_gfs_funcphys.o module_gfs_physcons.o module_progtm.o module_pbl_driver.o module_data_gocart_dust.o module_cumulus_driver.o module_shallowcu_driver.o module_microphysics_driver.o module_microphysics_zero_out.o module_mixactivate.o module_radiation_driver.o module_surface_driver.o module_lightning_driver.o module_ltng_cpmpr92z.o module_ltng_crmpr92.o module_ltng_iccg.o module_fdda_psufddagd.o module_fdda_spnudging.o module_fddagd_driver.o module_fddaobs_rtfdda.o module_fddaobs_driver.o module_wind_fitch.o module_sf_lake.o module_diagnostics_driver.o  \
                                     \
                                   module_diag_refl.o ; \
                else                                                         \
                  make -i -r -j 2 non_nmm      ; \
                  ar ru ../main/libwrflib.a module_twoway_rrtmg_aero_optical_util.o module_cam_shr_kind_mod.o module_cam_support.o module_cam_shr_const_mod.o module_cam_physconst.o module_cam_cldwat.o module_cam_wv_saturation.o module_cam_esinti.o module_cam_gffgch.o module_cam_error_function.o module_cam_constituents.o module_cam_trb_mtn_stress.o module_cam_molec_diff.o module_cam_upper_bc.o module_cam_bl_diffusion_solver.o module_cam_bl_eddy_diff.o module_cam_mp_microp_aero.o module_cam_mp_cldwat2m_micro.o module_cam_mp_ndrop.o module_cam_mp_modal_aero_initialize_data_phys.o module_cam_mp_radconstants.o module_cam_mp_conv_water.o module_cam_mp_qneg3.o module_data_cam_mam_aero.o module_data_cam_mam_asect.o module_cam_infnan.o module_bl_ysu.o module_bl_mrf.o module_bl_gfs.o module_bl_gfs2011.o module_bl_myjpbl.o module_bl_qnsepbl.o module_bl_qnsepbl09.o module_bl_acm.o module_bl_mynn.o module_bl_fogdes.o module_bl_gwdo.o module_bl_myjurb.o module_bl_boulac.o module_bl_camuwpbl_driver.o module_bl_mfshconvpbl.o module_shcu_camuwshcu_driver.o module_shcu_camuwshcu.o module_shcu_grims.o module_cu_camzm_driver.o module_cu_camzm.o module_bl_temf.o module_bl_gbmpbl.o module_cu_g3.o module_cu_kf.o module_cu_bmj.o module_cu_kfeta.o module_cu_tiedtke.o module_cu_gd.o module_cu_gf.o module_cu_nsas.o module_cu_sas.o module_cu_mesosas.o module_cu_osas.o module_mp_radar.o module_mp_kessler.o module_mp_lin.o module_mp_sbu_ylin.o module_mp_wsm3.o module_mp_wsm5.o module_mp_wsm6.o module_mp_etanew.o module_mp_etaold.o module_mp_HWRF.o module_mp_thompson.o module_mp_full_sbm.o module_mp_fast_sbm.o module_ltng_lpi.o module_mp_gsfcgce.o module_mp_morr_two_moment.o module_mp_milbrandt2mom.o module_mp_nssl_2mom.o module_mp_wdm5.o module_mp_wdm6.o module_mp_cammgmp_driver.o module_ra_sw.o module_ra_clWRF_support.o module_ra_gsfcsw.o module_ra_goddard.o module_ra_rrtm.o module_ra_rrtmg_lw.o module_ra_rrtmg_sw.o module_twoway_ra_rrtmg_sw.o module_ra_cam_support.o module_ra_cam.o module_ra_gfdleta.o module_ra_flg.o module_ra_HWRF.o module_ra_hs.o module_ra_aerosol.o module_sf_sfclay.o module_sf_sfclayrev.o module_sf_gfs.o module_sf_gfdl.o module_sf_slab.o module_sf_noahdrv.o module_sf_noahlsm.o module_sf_clm.o module_sf_ssib.o module_sf_noah_seaice.o module_sf_noah_seaice_drv.o module_sf_noahlsm_glacial_only.o module_sf_noahmp_groundwater.o module_sf_noahmpdrv.o module_sf_noahmplsm.o module_sf_noahmp_glacier.o module_sf_urban.o module_sf_bep.o module_sf_bep_bem.o module_sf_bem.o module_sf_pxlsm.o module_sf_pxlsm_data.o module_sf_ruclsm.o module_sf_sfcdiags.o module_sf_sfcdiags_ruclsm.o module_sf_sstskin.o module_sf_tmnupdate.o module_sf_ocean_driver.o module_sf_oml.o module_sf_3dpwp.o module_sf_myjsfc.o module_sf_qnsesfc.o module_sf_mynn.o module_sf_fogdes.o module_sf_pxsfclay.o module_sf_temfsfclay.o module_sf_idealscmsfclay.o module_sf_scmflux.o module_sf_scmskintemp.o module_physics_addtendc.o module_physics_init.o module_gfs_machine.o module_gfs_funcphys.o module_gfs_physcons.o module_progtm.o module_pbl_driver.o module_data_gocart_dust.o module_cumulus_driver.o module_shallowcu_driver.o module_microphysics_driver.o module_microphysics_zero_out.o module_mixactivate.o module_radiation_driver.o module_surface_driver.o module_lightning_driver.o module_ltng_cpmpr92z.o module_ltng_crmpr92.o module_ltng_iccg.o module_fdda_psufddagd.o module_fdda_spnudging.o module_fddagd_driver.o module_fddaobs_rtfdda.o module_fddaobs_driver.o module_wind_fitch.o module_sf_lake.o module_diagnostics_driver.o  \
                                   module_fr_fire_driver.o module_fr_fire_driver_wrf.o module_fr_fire_atm.o module_fr_fire_model.o module_fr_fire_core.o module_fr_fire_phys.o module_fr_fire_util.o \
                                   module_diag_afwa.o module_diag_afwa_hail.o module_diag_cl.o module_diag_misc.o module_diag_pld.o  ; \
                fi
make[3]: Entering directory `/work/MOD3DEV/ratlas/twoway/WRFV361-IND-COMB/phys'
rm -f module_microphysics_driver.o
/lib/cpp -P -I/work/MOD3DEV/ratlas/twoway/WRFV361-IND-COMB/inc -DEM_CORE=1 -DNMM_CORE=0 -DNMM_MAX_DIM=2600 -DCOAMPS_CORE=0 -DDA_CORE=0 -DEXP_CORE=0 -DIWORDSIZE=4 -DDWORDSIZE=8 -DRWORDSIZE=4 -DLWORDSIZE=4 -DNONSTANDARD_SYSTEM_FUNC -DWRF_USE_CLM  -DDM_PARALLEL -DNETCDF -DUSE_ALLOCATABLES -DGRIB1 -DINTIO -DLIMIT_ARGS -DCONFIG_BUF_LEN=65536 -DMAX_DOMAINS_F=21 -DMAX_HISTORY=25 -DNMM_NEST=0  -I. -traditional   module_microphysics_driver.F  > module_microphysics_driver.bb
/work/MOD3DEV/ratlas/twoway/WRFV361-IND-COMB/tools/standard.exe module_microphysics_driver.bb | /lib/cpp -P -traditional > module_microphysics_driver.f90
rm -f module_microphysics_driver.b module_microphysics_driver.bb
mpif90 -f90=ifort -o module_microphysics_driver.o -c -O3 -traceback -ip -fp-model precise -w -ftz -align all -fno-alias -FR -convert big_endian    -I../dyn_em -I../dyn_nmm   -I/work/MOD3DEV/ratlas/twoway/WRFV361-IND-COMB/external/esmf_time_f90  -I/work/MOD3DEV/ratlas/twoway/WRFV361-IND-COMB/main -I/work/MOD3DEV/ratlas/twoway/WRFV361-IND-COMB/external/io_netcdf -I/work/MOD3DEV/ratlas/twoway/WRFV361-IND-COMB/external/io_int -I/work/MOD3DEV/ratlas/twoway/WRFV361-IND-COMB/frame -I/work/MOD3DEV/ratlas/twoway/WRFV361-IND-COMB/share -I/work/MOD3DEV/ratlas/twoway/WRFV361-IND-COMB/phys -I/work/MOD3DEV/ratlas/twoway/WRFV361-IND-COMB/chem -I/work/MOD3DEV/ratlas/twoway/WRFV361-IND-COMB/inc -I/usr/local/apps/netcdf-4.3.0/intel-13.1/include  -i4  module_microphysics_driver.f90
module_microphysics_driver.f90(468): error #6512: A scalar-valued expression is required in this context.   [I_START]
  REAL, DIMENSION( i_start:i_end, kte:kte, j_start:j_end ),    &   
-------------------^
module_microphysics_driver.f90(468): error #6512: A scalar-valued expression is required in this context.   [I_END]
  REAL, DIMENSION( i_start:i_end, kte:kte, j_start:j_end ),    &   
---------------------------^
module_microphysics_driver.f90(468): error #6512: A scalar-valued expression is required in this context.   [J_START]
  REAL, DIMENSION( i_start:i_end, kte:kte, j_start:j_end ),    &   
-------------------------------------------^
module_microphysics_driver.f90(468): error #6512: A scalar-valued expression is required in this context.   [J_END]
  REAL, DIMENSION( i_start:i_end, kte:kte, j_start:j_end ),    &   
---------------------------------------------------^
compilation aborted for module_microphysics_driver.f90 (code 1)
make[3]: [module_microphysics_driver.o] Error 1 (ignored)
make[3]: Leaving directory `/work/MOD3DEV/ratlas/twoway/WRFV361-IND-COMB/phys'
ar: module_microphysics_driver.o: No such file or directory
make[2]: [physics] Error 1 (ignored)
make[2]: Leaving directory `/work/MOD3DEV/ratlas/twoway/WRFV361-IND-COMB/phys'
----------- make cmaq ----------------
( rm -f main/libcmaqlib.a; cd cmaq ; make -i -r -f Makefile.twoway )
make[2]: Entering directory `/work/MOD3DEV/ratlas/twoway/WRFV361-IND-COMB/cmaq-502'
Makefile.twoway:358: warning: overriding commands for target `.F.o'
../configure.wrf:367: warning: ignoring old commands for target `.F.o'
Makefile.twoway:367: warning: overriding commands for target `.f90.o'
../configure.wrf:386: warning: ignoring old commands for target `.f90.o'
Makefile.twoway:370: warning: overriding commands for target `.c.o'
../configure.wrf:394: warning: ignoring old commands for target `.c.o'
ar ru ../main/libcmaqlib.a se_bndy_copy_info_ext.o se_pe_info_ext.o se_comm_info_ext.o se_data_send_module.o se_domain_info_ext.o se_internal_util_module.o se_data_recv_module.o se_disp_info_ext.o se_subgrid_info_ext.o se_global_sum_module.o se_global_max_module.o se_global_min_module.o se_slice_module.o se_init_module.o se_bndy_copy_module.o se_comm_module.o se_reconfig_grid_info_ext.o se_reconfig_grid_module.o se_gather_module.o se_data_copy_module.o se_term_module.o se_twoway_comm_module.o se_util_module.o se_modules.o swap_sandia.o pinterpb_mod.o parutilio.o twoway_data_module.o UTILIO_DEFN.o VGRD_DEFN.o HGRD_DEFN.o GRID_CONF.o twoway_sd_time_series.o PAGRD_DEFN.o RXNS_DATA_MODULE.o CGRID_SPCS.o BIDI_MOD.o LSM_MOD.o DEPVVARS.o MOSAIC_MOD.o ABFLUX_MOD.o AEROMET_DATA.o BIOG_EMIS.o BEIS_DEFN.o AERO_DATA.o LTNG_DEFN.o UDTYPES.o STK_EMIS.o STK_PRMS.o PTMAP.o PTBILIN.o SSEMIS.o PTMET.o PT3D_DEFN.o SOA_DEFN.o PCGRID_DEFN.o STD_CONC.o RXNS_FUNC_MODULE.o DUST_EMIS.o PRECURSOR_DATA.o AERO_EMIS.o AEROSOL_CHEMISTRY.o DEPV_DEFN.o EMIS_DEFN.o WVEL_DEFN.o swap_sandia_routines.o alloc_data_mod.o piomaps_mod.o boundary.o get_write_map.o growbuf.o gtndxhdv.o interpol.o pinterpb.o pio_init.o pio_re_init.o pm3err.o pm3exit.o pm3warn.o pshut3.o ptrwrite3.o pwrgrdd.o pwrite3.o readbndy.o subdmap.o wrsubmap.o distr_env.o mpcomm_init.o twoway_cgrid_aerosol_spc_map_module.o twoway_header_data_module.o twoway_met_param_module.o twoway_util_module.o twoway_aqprep.o twoway_aqprep_util.o twoway_feedback.o AVG_CONC.o advstep.o driver.o hveloc.o sciproc.o wr_aconc.o wr_cgrid.o wr_conc.o diffmsg.o flcheck.o grdcheck.o initscen.o load_cgrid.o opconc.o couple.o couplewrf.o advbc_map.o hadvyppm.o hcontvel.o hppm.o rdbcon.o x_ppm.o x_yamo.o y_ppm.o y_yamo.o zfdbc.o vppm.o zadvppmwrf.o deform.o hcdiff3d.o hdiff.o rho_j.o VDIFF_DIAG.o VDIFF_MAP.o VDIFF_MET.o aero_sedv.o conv_cgrid.o eddyx.o matrix1.o opddep.o opddep_fst.o opddep_mos.o rddepv.o sedi.o tri.o vdiffacmx.o vdiffproc.o cgrid_depv.o gas_depv_map.o m3dry.o opdepv_diag.o opdepv_fst.o opdepv_mos.o cropcal.o opemis.o tfabove.o tfbelow.o beis3.o checkmem.o chkgrid.o czangle.o getfline.o getparb.o hrno.o parsline.o tmpbeis.o wrdaymsg.o delta_zs.o fire_plmris.o openlayout.o oppt3d_diag.o plmris.o plsprd.o preplm.o ungridb2.o write3_distr.o CSQY_DATA.o PHOT_MOD.o aero_photdata.o o3totcol.o opphot.o phot.o hrdata_mod.o hrdriver.o hrg1.o hrg2.o hrg3.o hrg4.o hrinit.o hrprodloss.o hrrates.o hrsolver.o aero_depv.o aero_driver.o aero_subs.o coags.o getpar.o isocom.o isofwd.o isorev.o opdiam.o opvis.o AQ_DATA.o acmcld.o aqchem.o aq_map.o cldproc_acm.o convcld_acm.o getalpha.o hlconst.o indexn.o rescld.o scavwdep.o pa_init.o pa_irr_ctl.o pa_irr.o pa_mkhdr.o pa_output.o pa_update.o cksummer.o findex.o get_envlist.o lstepf.o setup_logdev.o subhdomain.o subhfile.o
ar: creating ../main/libcmaqlib.a
make[2]: Leaving directory `/work/MOD3DEV/ratlas/twoway/WRFV361-IND-COMB/cmaq-502'
make[1]: Leaving directory `/work/MOD3DEV/ratlas/twoway/WRFV361-IND-COMB'
if [ 0  -eq 1 ]    ; then make -i -r MODULE_DIRS="-I../dyn_em -I../dyn_nmm   -I/work/MOD3DEV/ratlas/twoway/WRFV361-IND-COMB/external/esmf_time_f90  -I/work/MOD3DEV/ratlas/twoway/WRFV361-IND-COMB/main -I/work/MOD3DEV/ratlas/twoway/WRFV361-IND-COMB/external/io_netcdf -I/work/MOD3DEV/ratlas/twoway/WRFV361-IND-COMB/external/io_int -I/work/MOD3DEV/ratlas/twoway/WRFV361-IND-COMB/frame -I/work/MOD3DEV/ratlas/twoway/WRFV361-IND-COMB/share -I/work/MOD3DEV/ratlas/twoway/WRFV361-IND-COMB/phys -I/work/MOD3DEV/ratlas/twoway/WRFV361-IND-COMB/chem -I/work/MOD3DEV/ratlas/twoway/WRFV361-IND-COMB/inc -I/usr/local/apps/netcdf-4.3.0/intel-13.1/include " chemics ; fi
if [ 1 -eq 1 ]    ; then make -i -r MODULE_DIRS="-I../dyn_em -I../dyn_nmm   -I/work/MOD3DEV/ratlas/twoway/WRFV361-IND-COMB/external/esmf_time_f90  -I/work/MOD3DEV/ratlas/twoway/WRFV361-IND-COMB/main -I/work/MOD3DEV/ratlas/twoway/WRFV361-IND-COMB/external/io_netcdf -I/work/MOD3DEV/ratlas/twoway/WRFV361-IND-COMB/external/io_int -I/work/MOD3DEV/ratlas/twoway/WRFV361-IND-COMB/frame -I/work/MOD3DEV/ratlas/twoway/WRFV361-IND-COMB/share -I/work/MOD3DEV/ratlas/twoway/WRFV361-IND-COMB/phys -I/work/MOD3DEV/ratlas/twoway/WRFV361-IND-COMB/chem -I/work/MOD3DEV/ratlas/twoway/WRFV361-IND-COMB/inc -I/usr/local/apps/netcdf-4.3.0/intel-13.1/include " em_core ; fi
make[1]: Entering directory `/work/MOD3DEV/ratlas/twoway/WRFV361-IND-COMB'
--------------------------------------
if [ 0  -eq 0 ] ; then \
		CF= ; \
	else \
		CF="../chem/module_aerosols_sorgam.o ../chem/module_gocart_aerosols.o ../chem/module_mosaic_driver.o ../chem/module_input_tracer.o ../chem/module_aerosols_soa_vbs.o" ; \
	fi
( cd dyn_em ; make -i -r -j 2 CF="" )
make[2]: Entering directory `/work/MOD3DEV/ratlas/twoway/WRFV361-IND-COMB/dyn_em'
rm -f ../phys/module_microphysics_driver.o
/lib/cpp -P -I/work/MOD3DEV/ratlas/twoway/WRFV361-IND-COMB/inc -DEM_CORE=1 -DNMM_CORE=0 -DNMM_MAX_DIM=2600 -DCOAMPS_CORE=0 -DDA_CORE=0 -DEXP_CORE=0 -DIWORDSIZE=4 -DDWORDSIZE=8 -DRWORDSIZE=4 -DLWORDSIZE=4 -DNONSTANDARD_SYSTEM_FUNC -DWRF_USE_CLM  -DDM_PARALLEL -DNETCDF -DUSE_ALLOCATABLES -DGRIB1 -DINTIO -DLIMIT_ARGS -DCONFIG_BUF_LEN=65536 -DMAX_DOMAINS_F=21 -DMAX_HISTORY=25 -DNMM_NEST=0  -I. -traditional   ../phys/module_microphysics_driver.F  > ../phys/module_microphysics_driver.bb
/work/MOD3DEV/ratlas/twoway/WRFV361-IND-COMB/tools/standard.exe ../phys/module_microphysics_driver.bb | /lib/cpp -P -traditional > ../phys/module_microphysics_driver.f90
rm -f ../phys/module_microphysics_driver.b ../phys/module_microphysics_driver.bb
mpif90 -f90=ifort -o ../phys/module_microphysics_driver.o -c -O3 -traceback -ip -fp-model precise -w -ftz -align all -fno-alias -FR -convert big_endian    -I../dyn_em -I../dyn_nmm   -I/work/MOD3DEV/ratlas/twoway/WRFV361-IND-COMB/external/esmf_time_f90  -I/work/MOD3DEV/ratlas/twoway/WRFV361-IND-COMB/main -I/work/MOD3DEV/ratlas/twoway/WRFV361-IND-COMB/external/io_netcdf -I/work/MOD3DEV/ratlas/twoway/WRFV361-IND-COMB/external/io_int -I/work/MOD3DEV/ratlas/twoway/WRFV361-IND-COMB/frame -I/work/MOD3DEV/ratlas/twoway/WRFV361-IND-COMB/share -I/work/MOD3DEV/ratlas/twoway/WRFV361-IND-COMB/phys -I/work/MOD3DEV/ratlas/twoway/WRFV361-IND-COMB/chem -I/work/MOD3DEV/ratlas/twoway/WRFV361-IND-COMB/inc -I/usr/local/apps/netcdf-4.3.0/intel-13.1/include  -i4  ../phys/module_microphysics_driver.f90
../phys/module_microphysics_driver.f90(468): error #6512: A scalar-valued expression is required in this context.   [I_START]
  REAL, DIMENSION( i_start:i_end, kte:kte, j_start:j_end ),    &   
-------------------^
../phys/module_microphysics_driver.f90(468): error #6512: A scalar-valued expression is required in this context.   [I_END]
  REAL, DIMENSION( i_start:i_end, kte:kte, j_start:j_end ),    &   
---------------------------^
../phys/module_microphysics_driver.f90(468): error #6512: A scalar-valued expression is required in this context.   [J_START]
  REAL, DIMENSION( i_start:i_end, kte:kte, j_start:j_end ),    &   
-------------------------------------------^
../phys/module_microphysics_driver.f90(468): error #6512: A scalar-valued expression is required in this context.   [J_END]
  REAL, DIMENSION( i_start:i_end, kte:kte, j_start:j_end ),    &   
---------------------------------------------------^
compilation aborted for ../phys/module_microphysics_driver.f90 (code 1)
make[2]: [../phys/module_microphysics_driver.o] Error 1 (ignored)
rm -f solve_em.o
/lib/cpp -P -I/work/MOD3DEV/ratlas/twoway/WRFV361-IND-COMB/inc -DEM_CORE=1 -DNMM_CORE=0 -DNMM_MAX_DIM=2600 -DCOAMPS_CORE=0 -DDA_CORE=0 -DEXP_CORE=0 -DIWORDSIZE=4 -DDWORDSIZE=8 -DRWORDSIZE=4 -DLWORDSIZE=4 -DNONSTANDARD_SYSTEM_FUNC -DWRF_USE_CLM  -DDM_PARALLEL -DNETCDF -DUSE_ALLOCATABLES -DGRIB1 -DINTIO -DLIMIT_ARGS -DCONFIG_BUF_LEN=65536 -DMAX_DOMAINS_F=21 -DMAX_HISTORY=25 -DNMM_NEST=0  -I. -traditional   solve_em.F  > solve_em.bb
/work/MOD3DEV/ratlas/twoway/WRFV361-IND-COMB/tools/standard.exe solve_em.bb | /lib/cpp -P -traditional > solve_em.f90
rm -f solve_em.b solve_em.bb
mpif90 -f90=ifort -o solve_em.o -c -O3 -traceback -ip -fp-model precise -w -ftz -align all -fno-alias -FR -convert big_endian    -I../dyn_em -I../dyn_nmm   -I/work/MOD3DEV/ratlas/twoway/WRFV361-IND-COMB/external/esmf_time_f90  -I/work/MOD3DEV/ratlas/twoway/WRFV361-IND-COMB/main -I/work/MOD3DEV/ratlas/twoway/WRFV361-IND-COMB/external/io_netcdf -I/work/MOD3DEV/ratlas/twoway/WRFV361-IND-COMB/external/io_int -I/work/MOD3DEV/ratlas/twoway/WRFV361-IND-COMB/frame -I/work/MOD3DEV/ratlas/twoway/WRFV361-IND-COMB/share -I/work/MOD3DEV/ratlas/twoway/WRFV361-IND-COMB/phys -I/work/MOD3DEV/ratlas/twoway/WRFV361-IND-COMB/chem -I/work/MOD3DEV/ratlas/twoway/WRFV361-IND-COMB/inc -I/usr/local/apps/netcdf-4.3.0/intel-13.1/include  -i4  solve_em.f90
ar ru ../main/libwrflib.a module_advect_em.o module_diffusion_em.o module_small_step_em.o module_big_step_utilities_em.o module_em.o module_solvedebug_em.o module_bc_em.o module_init_utilities.o module_wps_io_arw.o module_damping_em.o module_polarfft.o module_force_scm.o module_first_rk_step_part1.o module_first_rk_step_part2.o module_avgflx_em.o module_sfs_nba.o module_convtrans_prep.o module_sfs_driver.o module_stoch.o module_after_all_rk_steps.o  module_twoway_aerosol_param.o module_twoway_constant.o aerosols_cmaq_init_aercld.o init_modules_em.o solve_em.o start_em.o shift_domain_em.o couple_or_uncouple_em.o nest_init_utils.o adapt_timestep_em.o interp_domain_em.o
make[2]: Leaving directory `/work/MOD3DEV/ratlas/twoway/WRFV361-IND-COMB/dyn_em'
----------- make indirect ----------------
( cd indirect ; make -i -r )
make[2]: Entering directory `/work/MOD3DEV/ratlas/twoway/WRFV361-IND-COMB/indirect'
ar ru ../main/libwrflib.a module_data_cmaq.o module_Cmixactivate.o cmaq_mixactivate.o  
make[2]: Leaving directory `/work/MOD3DEV/ratlas/twoway/WRFV361-IND-COMB/indirect'
make[1]: Leaving directory `/work/MOD3DEV/ratlas/twoway/WRFV361-IND-COMB'
if [ 0 -eq 1 ]   ; then make -i -r MODULE_DIRS="-I../dyn_em -I../dyn_nmm   -I/work/MOD3DEV/ratlas/twoway/WRFV361-IND-COMB/external/esmf_time_f90  -I/work/MOD3DEV/ratlas/twoway/WRFV361-IND-COMB/main -I/work/MOD3DEV/ratlas/twoway/WRFV361-IND-COMB/external/io_netcdf -I/work/MOD3DEV/ratlas/twoway/WRFV361-IND-COMB/external/io_int -I/work/MOD3DEV/ratlas/twoway/WRFV361-IND-COMB/frame -I/work/MOD3DEV/ratlas/twoway/WRFV361-IND-COMB/share -I/work/MOD3DEV/ratlas/twoway/WRFV361-IND-COMB/phys -I/work/MOD3DEV/ratlas/twoway/WRFV361-IND-COMB/chem -I/work/MOD3DEV/ratlas/twoway/WRFV361-IND-COMB/inc -I/usr/local/apps/netcdf-4.3.0/intel-13.1/include " nmm_core ; fi
if [ 0 -eq 1 ]   ; then make -i -r MODULE_DIRS="-I../dyn_em -I../dyn_nmm   -I/work/MOD3DEV/ratlas/twoway/WRFV361-IND-COMB/external/esmf_time_f90  -I/work/MOD3DEV/ratlas/twoway/WRFV361-IND-COMB/main -I/work/MOD3DEV/ratlas/twoway/WRFV361-IND-COMB/external/io_netcdf -I/work/MOD3DEV/ratlas/twoway/WRFV361-IND-COMB/external/io_int -I/work/MOD3DEV/ratlas/twoway/WRFV361-IND-COMB/frame -I/work/MOD3DEV/ratlas/twoway/WRFV361-IND-COMB/share -I/work/MOD3DEV/ratlas/twoway/WRFV361-IND-COMB/phys -I/work/MOD3DEV/ratlas/twoway/WRFV361-IND-COMB/chem -I/work/MOD3DEV/ratlas/twoway/WRFV361-IND-COMB/inc -I/usr/local/apps/netcdf-4.3.0/intel-13.1/include " exp_core ; fi
if [ 0 -eq 1 ]   ; then make -i -r MODULE_DIRS="-I../dyn_em -I../dyn_nmm   -I/work/MOD3DEV/ratlas/twoway/WRFV361-IND-COMB/external/esmf_time_f90  -I/work/MOD3DEV/ratlas/twoway/WRFV361-IND-COMB/main -I/work/MOD3DEV/ratlas/twoway/WRFV361-IND-COMB/external/io_netcdf -I/work/MOD3DEV/ratlas/twoway/WRFV361-IND-COMB/external/io_int -I/work/MOD3DEV/ratlas/twoway/WRFV361-IND-COMB/frame -I/work/MOD3DEV/ratlas/twoway/WRFV361-IND-COMB/share -I/work/MOD3DEV/ratlas/twoway/WRFV361-IND-COMB/phys -I/work/MOD3DEV/ratlas/twoway/WRFV361-IND-COMB/chem -I/work/MOD3DEV/ratlas/twoway/WRFV361-IND-COMB/inc -I/usr/local/apps/netcdf-4.3.0/intel-13.1/include " wrf_hydro ; fi
( cd main ; make -i -r MODULE_DIRS="-I../dyn_em -I../dyn_nmm   -I/work/MOD3DEV/ratlas/twoway/WRFV361-IND-COMB/external/esmf_time_f90  -I/work/MOD3DEV/ratlas/twoway/WRFV361-IND-COMB/main -I/work/MOD3DEV/ratlas/twoway/WRFV361-IND-COMB/external/io_netcdf -I/work/MOD3DEV/ratlas/twoway/WRFV361-IND-COMB/external/io_int -I/work/MOD3DEV/ratlas/twoway/WRFV361-IND-COMB/frame -I/work/MOD3DEV/ratlas/twoway/WRFV361-IND-COMB/share -I/work/MOD3DEV/ratlas/twoway/WRFV361-IND-COMB/phys -I/work/MOD3DEV/ratlas/twoway/WRFV361-IND-COMB/chem -I/work/MOD3DEV/ratlas/twoway/WRFV361-IND-COMB/inc -I/usr/local/apps/netcdf-4.3.0/intel-13.1/include " SOLVER=em em_wrf )
make[1]: Entering directory `/work/MOD3DEV/ratlas/twoway/WRFV361-IND-COMB/main'
ranlib libwrflib.a
mpif90 -f90=ifort -o wrf.exe  -O3 -traceback -ip -fp-model precise -w -ftz -align all -fno-alias -FR -convert big_endian   -ip   wrf.o ../main/module_wrf_top.o libwrflib.a libcmaqlib.a -L/home/wdx/lib/x86_64/ifc/ioapi_3.1/Linux2_x86_64ifort -lioapi /work/MOD3DEV/ratlas/twoway/WRFV361-IND-COMB/external/fftpack/fftpack5/libfftpack.a /work/MOD3DEV/ratlas/twoway/WRFV361-IND-COMB/external/io_grib1/libio_grib1.a /work/MOD3DEV/ratlas/twoway/WRFV361-IND-COMB/external/io_grib_share/libio_grib_share.a /work/MOD3DEV/ratlas/twoway/WRFV361-IND-COMB/external/io_int/libwrfio_int.a -L/work/MOD3DEV/ratlas/twoway/WRFV361-IND-COMB/external/esmf_time_f90 -lesmf_time /work/MOD3DEV/ratlas/twoway/WRFV361-IND-COMB/external/RSL_LITE/librsl_lite.a /work/MOD3DEV/ratlas/twoway/WRFV361-IND-COMB/frame/module_internal_header_util.o /work/MOD3DEV/ratlas/twoway/WRFV361-IND-COMB/frame/pack_utils.o  -L/work/MOD3DEV/ratlas/twoway/WRFV361-IND-COMB/external/io_netcdf -lwrfio_nf -L/usr/local/apps/netcdf-4.3.0/intel-13.1/lib -lnetcdff -lnetcdf  
libwrflib.a(solve_em.o): In function `solve_em_':
solve_em.f90:(.text+0x16c1d): undefined reference to `module_physics_addtendc_mp_advance_ppt_'
solve_em.f90:(.text+0x19d09): undefined reference to `module_microphysics_driver_mp_microphysics_driver_'
solve_em.f90:(.text+0x1a8ef): undefined reference to `module_microphysics_zero_out_mp_microphysics_zero_outb_'
solve_em.f90:(.text+0x1a9cf): undefined reference to `module_microphysics_zero_out_mp_microphysics_zero_outb_'
solve_em.f90:(.text+0x1aaaf): undefined reference to `module_microphysics_zero_out_mp_microphysics_zero_outb_'
solve_em.f90:(.text+0x1ab8f): undefined reference to `module_microphysics_zero_out_mp_microphysics_zero_outb_'
solve_em.f90:(.text+0x1adeb): undefined reference to `module_microphysics_zero_out_mp_microphysics_zero_outa_'
solve_em.f90:(.text+0x1aecb): undefined reference to `module_microphysics_zero_out_mp_microphysics_zero_outa_'
solve_em.f90:(.text+0x1afab): undefined reference to `module_microphysics_zero_out_mp_microphysics_zero_outa_'
solve_em.f90:(.text+0x1b08b): undefined reference to `module_microphysics_zero_out_mp_microphysics_zero_outa_'
libwrflib.a(module_first_rk_step_part1.o): In function `module_first_rk_step_part1_mp_first_rk_step_part1_':
module_first_rk_step_part1.f90:(.text+0x21f3): undefined reference to `module_radiation_driver_mp_pre_radiation_driver_'
module_first_rk_step_part1.f90:(.text+0x552c): undefined reference to `module_radiation_driver_mp_radiation_driver_'
module_first_rk_step_part1.f90:(.text+0xe463): undefined reference to `module_surface_driver_mp_surface_driver_'
module_first_rk_step_part1.f90:(.text+0x1352b): undefined reference to `module_pbl_driver_mp_pbl_driver_'
module_first_rk_step_part1.f90:(.text+0x16225): undefined reference to `module_cumulus_driver_mp_cumulus_driver_'
module_first_rk_step_part1.f90:(.text+0x17e2d): undefined reference to `module_shallowcu_driver_mp_shallowcu_driver_'
module_first_rk_step_part1.f90:(.text+0x1a875): undefined reference to `module_fddagd_driver_mp_fddagd_driver_'
module_first_rk_step_part1.f90:(.text+0x1b2d8): undefined reference to `module_fr_fire_driver_wrf_mp_fire_driver_em_step_'
libwrflib.a(module_first_rk_step_part2.o): In function `module_first_rk_step_part2_mp_first_rk_step_part2_':
module_first_rk_step_part2.f90:(.text+0x4a89): undefined reference to `module_physics_addtendc_mp_update_phy_ten_'
module_first_rk_step_part2.f90:(.text+0x5c29): undefined reference to `module_fddaobs_driver_mp_fddaobs_driver_'
libwrflib.a(module_after_all_rk_steps.o): In function `module_after_all_rk_steps_mp_after_all_rk_steps_':
module_after_all_rk_steps.f90:(.text+0x3ac): undefined reference to `module_diagnostics_driver_mp_diagnostics_driver_'
libwrflib.a(start_em.o): In function `start_domain_em_':
start_em.f90:(.text+0x13dc9): undefined reference to `module_physics_init_mp_phy_init_'
start_em.f90:(.text+0x17e2a): undefined reference to `module_lightning_driver_mp_lightning_init_'
start_em.f90:(.text+0x25708): undefined reference to `module_diag_pld_mp_pld_'
start_em.f90:(.text+0x25b78): undefined reference to `module_fr_fire_driver_wrf_mp_fire_driver_em_init_'
libwrflib.a(module_Cmixactivate.o): In function `module_cmixactivate_mp_cmixactivate_':
module_Cmixactivate.f90:(.text+0x767): undefined reference to `module_mixactivate_mp_erf_alt_'
module_Cmixactivate.f90:(.text+0x79e): undefined reference to `module_mixactivate_mp_erf_alt_'
module_Cmixactivate.f90:(.text+0x800): undefined reference to `module_mixactivate_mp_erf_alt_'
module_Cmixactivate.f90:(.text+0xa67): undefined reference to `module_radiation_driver_mp_cal_cldfra2_'
module_Cmixactivate.f90:(.text+0x4c1e): undefined reference to `module_mixactivate_mp_explmix_'
module_Cmixactivate.f90:(.text+0x4f39): undefined reference to `module_mixactivate_mp_explmix_'
module_Cmixactivate.f90:(.text+0x4fd1): undefined reference to `module_mixactivate_mp_explmix_'
module_Cmixactivate.f90:(.text+0x52f6): undefined reference to `module_mixactivate_mp_explmix_'
module_Cmixactivate.f90:(.text+0x5391): undefined reference to `module_mixactivate_mp_explmix_'
libwrflib.a(module_Cmixactivate.o):module_Cmixactivate.f90:(.text+0x5522): more undefined references to `module_mixactivate_mp_explmix_' follow
libwrflib.a(module_Cmixactivate.o): In function `module_cmixactivate_mp_cmixactivate_':
module_Cmixactivate.f90:(.text+0x5a8a): undefined reference to `module_mixactivate_mp_loadaer_'
module_Cmixactivate.f90:(.text+0x5d1c): undefined reference to `module_mixactivate_mp_activate_'
module_Cmixactivate.f90:(.text+0x7216): undefined reference to `module_mixactivate_mp_loadaer_'
module_Cmixactivate.f90:(.text+0x7481): undefined reference to `module_mixactivate_mp_activate_'
module_Cmixactivate.f90:(.text+0x91d2): undefined reference to `module_mixactivate_mp_erfc_num_recipes_'
module_Cmixactivate.f90:(.text+0x9e9a): undefined reference to `module_mixactivate_mp_erf_alt_'
libwrflib.a(module_Cmixactivate.o): In function `module_cmixactivate_mp_cmaq_icenucleat_':
module_Cmixactivate.f90:(.text+0xb55b): undefined reference to `module_radiation_driver_mp_cal_cldfra1_'
module_Cmixactivate.f90:(.text+0xb692): undefined reference to `module_radiation_driver_mp_cal_cldfra2_'
module_Cmixactivate.f90:(.text+0xbb71): undefined reference to `module_radiation_driver_mp_cal_cldfra3_'
make[1]: [em_wrf] Error 1 (ignored)
make[1]: Leaving directory `/work/MOD3DEV/ratlas/twoway/WRFV361-IND-COMB/main'
( cd run ; /bin/rm -f wrf.exe ; ln -s ../main/wrf.exe . )
if [ 0 -eq 1 ] ; then \
	  ( cd main ; make -i -r MODULE_DIRS="-I../dyn_em -I../dyn_nmm   -I/work/MOD3DEV/ratlas/twoway/WRFV361-IND-COMB/external/esmf_time_f90  -I/work/MOD3DEV/ratlas/twoway/WRFV361-IND-COMB/main -I/work/MOD3DEV/ratlas/twoway/WRFV361-IND-COMB/external/io_netcdf -I/work/MOD3DEV/ratlas/twoway/WRFV361-IND-COMB/external/io_int -I/work/MOD3DEV/ratlas/twoway/WRFV361-IND-COMB/frame -I/work/MOD3DEV/ratlas/twoway/WRFV361-IND-COMB/share -I/work/MOD3DEV/ratlas/twoway/WRFV361-IND-COMB/phys -I/work/MOD3DEV/ratlas/twoway/WRFV361-IND-COMB/chem -I/work/MOD3DEV/ratlas/twoway/WRFV361-IND-COMB/inc -I/usr/local/apps/netcdf-4.3.0/intel-13.1/include " SOLVER=em em_wrf_SST_ESMF ) ; \
	fi
build started:   Wed Aug 26 16:39:22 EDT 2015
build completed: Wed Aug 26 16:41:43 EDT 2015
--------------------------------------
( cd main ; make -i -r MODULE_DIRS="-I../dyn_em -I../dyn_nmm   -I/work/MOD3DEV/ratlas/twoway/WRFV361-IND-COMB/external/esmf_time_f90  -I/work/MOD3DEV/ratlas/twoway/WRFV361-IND-COMB/main -I/work/MOD3DEV/ratlas/twoway/WRFV361-IND-COMB/external/io_netcdf -I/work/MOD3DEV/ratlas/twoway/WRFV361-IND-COMB/external/io_int -I/work/MOD3DEV/ratlas/twoway/WRFV361-IND-COMB/frame -I/work/MOD3DEV/ratlas/twoway/WRFV361-IND-COMB/share -I/work/MOD3DEV/ratlas/twoway/WRFV361-IND-COMB/phys -I/work/MOD3DEV/ratlas/twoway/WRFV361-IND-COMB/chem -I/work/MOD3DEV/ratlas/twoway/WRFV361-IND-COMB/inc -I/usr/local/apps/netcdf-4.3.0/intel-13.1/include " SOLVER=em IDEAL_CASE=real em_real )
make[1]: Entering directory `/work/MOD3DEV/ratlas/twoway/WRFV361-IND-COMB/main'
ranlib libwrflib.a
make[1]: Leaving directory `/work/MOD3DEV/ratlas/twoway/WRFV361-IND-COMB/main'
( cd test/em_real ; /bin/rm -f wrf.exe ; ln -s ../../main/wrf.exe . )
if [ 0 -eq 1 ] ; then \
	  ( cd main ; make -i -r MODULE_DIRS="-I../dyn_em -I../dyn_nmm   -I/work/MOD3DEV/ratlas/twoway/WRFV361-IND-COMB/external/esmf_time_f90  -I/work/MOD3DEV/ratlas/twoway/WRFV361-IND-COMB/main -I/work/MOD3DEV/ratlas/twoway/WRFV361-IND-COMB/external/io_netcdf -I/work/MOD3DEV/ratlas/twoway/WRFV361-IND-COMB/external/io_int -I/work/MOD3DEV/ratlas/twoway/WRFV361-IND-COMB/frame -I/work/MOD3DEV/ratlas/twoway/WRFV361-IND-COMB/share -I/work/MOD3DEV/ratlas/twoway/WRFV361-IND-COMB/phys -I/work/MOD3DEV/ratlas/twoway/WRFV361-IND-COMB/chem -I/work/MOD3DEV/ratlas/twoway/WRFV361-IND-COMB/inc -I/usr/local/apps/netcdf-4.3.0/intel-13.1/include " SOLVER=em IDEAL_CASE=real em_wrf_SST_ESMF ) ; \
	  ( cd test/em_esmf_exp ; /bin/rm -f wrf.exe ; ln -s ../../main/wrf.exe . ) ; \
	  ( cd test/em_esmf_exp ; /bin/rm -f wrf_SST_ESMF.exe ; ln -s ../../main/wrf_SST_ESMF.exe . ) ; \
	  ( cd test/em_esmf_exp ; /bin/rm -f real.exe ; ln -s ../../main/real.exe . ) ; \
	  ( cd test/em_esmf_exp ; /bin/rm -f README.namelist ; ln -s ../../run/README.namelist . ) ; \
	  ( cd test/em_esmf_exp ; /bin/rm -f ETAMPNEW_DATA.expanded_rain ETAMPNEW_DATA RRTM_DATA RRTMG_LW_DATA RRTMG_SW_DATA ; \
               ln -sf ../../run/ETAMPNEW_DATA . ;                      \
               ln -sf ../../run/ETAMPNEW_DATA.expanded_rain . ;        \
               ln -sf ../../run/RRTM_DATA . ;                          \
               ln -sf ../../run/RRTMG_LW_DATA . ;                      \
               ln -sf ../../run/RRTMG_SW_DATA . ;                      \
               ln -sf ../../run/CAM_ABS_DATA . ;                       \
               ln -sf ../../run/CAM_AEROPT_DATA . ;                    \
               ln -sf ../../run/CAMtr_volume_mixing_ratio.RCP4.5 . ;   \
               ln -sf ../../run/CAMtr_volume_mixing_ratio.RCP6   . ;   \
               ln -sf ../../run/CAMtr_volume_mixing_ratio.RCP8.5 CAMtr_volume_mixing_ratio ;   \
               ln -sf ../../run/CAMtr_volume_mixing_ratio.A1B    . ;   \
               ln -sf ../../run/CAMtr_volume_mixing_ratio.A2     . ;   \
               ln -sf ../../run/CLM_ALB_ICE_DFS_DATA . ;               \
               ln -sf ../../run/CLM_ALB_ICE_DRC_DATA . ;               \
               ln -sf ../../run/CLM_ASM_ICE_DFS_DATA . ;               \
               ln -sf ../../run/CLM_ASM_ICE_DRC_DATA . ;               \
               ln -sf ../../run/CLM_DRDSDT0_DATA . ;                   \
               ln -sf ../../run/CLM_EXT_ICE_DFS_DATA . ;               \
               ln -sf ../../run/CLM_EXT_ICE_DRC_DATA . ;               \
               ln -sf ../../run/CLM_KAPPA_DATA . ;                     \
               ln -sf ../../run/CLM_TAU_DATA . ;                       \
               ln -sf ../../run/ozone.formatted . ;                    \
               ln -sf ../../run/ozone_lat.formatted . ;                \
               ln -sf ../../run/ozone_plev.formatted . ;               \
               ln -sf ../../run/aerosol.formatted . ;                  \
               ln -sf ../../run/aerosol_lat.formatted . ;              \
               ln -sf ../../run/aerosol_lon.formatted . ;              \
               ln -sf ../../run/aerosol_plev.formatted . ;             \
               ln -sf ../../run/CCN_ACTIVATE.BIN . ;                   \
               if [ 4 -eq 8 ] ; then                        \
                  ln -sf ../../run/ETAMPNEW_DATA_DBL ETAMPNEW_DATA ;   \
                  ln -sf ../../run/ETAMPNEW_DATA.expanded_rain_DBL ETAMPNEW_DATA.expanded_rain ;   \
                  ln -sf ../../run/RRTM_DATA_DBL RRTM_DATA         ;   \
                  ln -sf ../../run/RRTMG_LW_DATA_DBL RRTMG_LW_DATA ;   \
                  ln -sf ../../run/RRTMG_SW_DATA_DBL RRTMG_SW_DATA ;   \
               fi ) ; \
	  ( cd test/em_esmf_exp ; /bin/rm -f GENPARM.TBL ; ln -s ../../run/GENPARM.TBL . ) ; \
	  ( cd test/em_esmf_exp ; /bin/rm -f LANDUSE.TBL ; ln -s ../../run/LANDUSE.TBL . ) ; \
	  ( cd test/em_esmf_exp ; /bin/rm -f SOILPARM.TBL ; ln -s ../../run/SOILPARM.TBL . ) ; \
	  ( cd test/em_esmf_exp ; /bin/rm -f URBPARM.TBL ; ln -s ../../run/URBPARM.TBL . ) ; \
	  ( cd test/em_esmf_exp ; /bin/rm -f VEGPARM.TBL ; ln -s ../../run/VEGPARM.TBL . ) ; \
	  ( cd test/em_esmf_exp ; /bin/rm -f MPTABLE.TBL ; ln -s ../../run/MPTABLE.TBL . ) ; \
	  ( cd test/em_esmf_exp ; /bin/rm -f tr49t67 ; ln -s ../../run/tr49t67 . ) ; \
	  ( cd test/em_esmf_exp ; /bin/rm -f tr49t85 ; ln -s ../../run/tr49t85 . ) ; \
	  ( cd test/em_esmf_exp ; /bin/rm -f tr67t85 ; ln -s ../../run/tr67t85 . ) ; \
	  ( cd test/em_esmf_exp ; /bin/rm -f gribmap.txt ; ln -s ../../run/gribmap.txt . ) ; \
	  ( cd test/em_esmf_exp ; /bin/rm -f grib2map.tbl ; ln -s ../../run/grib2map.tbl . ) ; \
	fi
( cd test/em_real ; /bin/rm -f real.exe ; ln -s ../../main/real.exe . )
( cd test/em_real ; /bin/rm -f tc.exe ; ln -s ../../main/tc.exe . )
( cd test/em_real ; /bin/rm -f ndown.exe ; ln -s ../../main/ndown.exe . )
( cd test/em_real ; /bin/rm -f nup.exe ; ln -s ../../main/nup.exe . )
( cd test/em_real ; /bin/rm -f README.namelist ; ln -s ../../run/README.namelist . )
( cd test/em_real ; /bin/rm -f ETAMPNEW_DATA.expanded_rain ETAMPNEW_DATA RRTM_DATA RRTMG_LW_DATA RRTMG_SW_DATA ;    \
             ln -sf ../../run/ETAMPNEW_DATA . ;                     \
             ln -sf ../../run/ETAMPNEW_DATA.expanded_rain . ;       \
             ln -sf ../../run/RRTM_DATA . ;                         \
             ln -sf ../../run/RRTMG_LW_DATA . ;                     \
             ln -sf ../../run/RRTMG_SW_DATA . ;                     \
             ln -sf ../../run/CAM_ABS_DATA . ;                      \
             ln -sf ../../run/CAM_AEROPT_DATA . ;                   \
             ln -sf ../../run/CAMtr_volume_mixing_ratio.RCP4.5 . ;  \
             ln -sf ../../run/CAMtr_volume_mixing_ratio.RCP6   . ;  \
             ln -sf ../../run/CAMtr_volume_mixing_ratio.RCP8.5 CAMtr_volume_mixing_ratio ;   \
             ln -sf ../../run/CAMtr_volume_mixing_ratio.A1B    . ;  \
             ln -sf ../../run/CAMtr_volume_mixing_ratio.A2     . ;  \
             ln -sf ../../run/CLM_ALB_ICE_DFS_DATA . ;              \
             ln -sf ../../run/CLM_ALB_ICE_DRC_DATA . ;              \
             ln -sf ../../run/CLM_ASM_ICE_DFS_DATA . ;              \
             ln -sf ../../run/CLM_ASM_ICE_DRC_DATA . ;              \
             ln -sf ../../run/CLM_DRDSDT0_DATA . ;                  \
             ln -sf ../../run/CLM_EXT_ICE_DFS_DATA . ;              \
             ln -sf ../../run/CLM_EXT_ICE_DRC_DATA . ;              \
             ln -sf ../../run/CLM_KAPPA_DATA . ;                    \
             ln -sf ../../run/CLM_TAU_DATA . ;                      \
             ln -sf ../../run/ozone.formatted . ;                   \
             ln -sf ../../run/ozone_lat.formatted . ;               \
             ln -sf ../../run/ozone_plev.formatted . ;              \
             ln -sf ../../run/aerosol.formatted . ;                 \
             ln -sf ../../run/aerosol_lat.formatted . ;             \
             ln -sf ../../run/aerosol_lon.formatted . ;             \
             ln -sf ../../run/aerosol_plev.formatted . ;            \
             ln -sf ../../run/capacity.asc . ;            \
             ln -sf ../../run/coeff_p.asc . ;            \
             ln -sf ../../run/coeff_q.asc . ;            \
             ln -sf ../../run/constants.asc . ;            \
             ln -sf ../../run/masses.asc . ;            \
             ln -sf ../../run/termvels.asc . ;            \
             ln -sf ../../run/kernels.asc_s_0_03_0_9 . ;            \
             ln -sf ../../run/kernels_z.asc . ;            \
             ln -sf ../../run/bulkdens.asc_s_0_03_0_9 . ;            \
             ln -sf ../../run/bulkradii.asc_s_0_03_0_9 . ;            \
             ln -sf ../../run/CCN_ACTIVATE.BIN . ;                   \
             if [ 4 -eq 8 ] ; then                       \
                ln -sf ../../run/ETAMPNEW_DATA_DBL ETAMPNEW_DATA ;  \
                ln -sf ../../run/ETAMPNEW_DATA.expanded_rain_DBL ETAMPNEW_DATA.expanded_rain ;   \
                ln -sf ../../run/RRTM_DATA_DBL RRTM_DATA ;          \
                ln -sf ../../run/RRTMG_LW_DATA_DBL RRTMG_LW_DATA ;  \
                ln -sf ../../run/RRTMG_SW_DATA_DBL RRTMG_SW_DATA ;  \
             fi )
( cd test/em_real ; /bin/rm -f GENPARM.TBL ; ln -s ../../run/GENPARM.TBL . )
( cd test/em_real ; /bin/rm -f LANDUSE.TBL ; ln -s ../../run/LANDUSE.TBL . )
( cd test/em_real ; /bin/rm -f SOILPARM.TBL ; ln -s ../../run/SOILPARM.TBL . )
( cd test/em_real ; /bin/rm -f URBPARM.TBL ; ln -s ../../run/URBPARM.TBL . )
( cd test/em_real ; /bin/rm -f VEGPARM.TBL ; ln -s ../../run/VEGPARM.TBL . )
( cd test/em_real ; /bin/rm -f MPTABLE.TBL ; ln -s ../../run/MPTABLE.TBL . )
( cd test/em_real ; /bin/rm -f tr49t67 ; ln -s ../../run/tr49t67 . )
( cd test/em_real ; /bin/rm -f tr49t85 ; ln -s ../../run/tr49t85 . )
( cd test/em_real ; /bin/rm -f tr67t85 ; ln -s ../../run/tr67t85 . )
( cd test/em_real ; /bin/rm -f gribmap.txt ; ln -s ../../run/gribmap.txt . )
( cd test/em_real ; /bin/rm -f grib2map.tbl ; ln -s ../../run/grib2map.tbl . )
( cd run ; /bin/rm -f real.exe ; ln -s ../main/real.exe . )
( cd run ; /bin/rm -f tc.exe ; ln -s ../main/tc.exe . )
( cd run ; /bin/rm -f ndown.exe ; ln -s ../main/ndown.exe . )
( cd run ; /bin/rm -f nup.exe ; ln -s ../main/nup.exe . )
( cd run ; if test -f namelist.input ; then \
		/bin/cp -f namelist.input namelist.input.backup ; fi ; \
		/bin/rm -f namelist.input ; cp ../test/em_real/namelist.input . )
build started:   Wed Aug 26 16:39:22 EDT 2015
build completed: Wed Aug 26 16:41:47 EDT 2015
